2014-12-03 18:33:05,365 - Log4JLogChute initialized using file 'velocity.log'
2014-12-03 18:33:05,366 - Starting Apache Velocity v1.6.2 (compiled: 2009-02-19 16:29:46)
2014-12-03 18:33:05,366 - Default Properties File: org\apache\velocity\runtime\defaults\velocity.properties
2014-12-03 18:33:05,366 - Trying to use logger class org.apache.velocity.runtime.log.AvalonLogChute
2014-12-03 18:33:05,366 - Target log system for org.apache.velocity.runtime.log.AvalonLogChute is not available (java.lang.NoClassDefFoundError: org/apache/log/format/Formatter).  Falling back to next log system...
2014-12-03 18:33:05,366 - Trying to use logger class org.apache.velocity.runtime.log.Log4JLogChute
2014-12-03 18:33:05,366 - Using logger class org.apache.velocity.runtime.log.Log4JLogChute
2014-12-03 18:33:05,385 - ResourceLoader instantiated: org.apache.velocity.runtime.resource.loader.ClasspathResourceLoader
2014-12-03 18:33:05,450 - ResourceCache: initialized (class org.apache.velocity.runtime.resource.ResourceCacheImpl) with class java.util.Collections$SynchronizedMap cache map.
2014-12-03 18:33:05,452 - Loaded System Directive: org.apache.velocity.runtime.directive.Define
2014-12-03 18:33:05,453 - Loaded System Directive: org.apache.velocity.runtime.directive.Break
2014-12-03 18:33:05,454 - Loaded System Directive: org.apache.velocity.runtime.directive.Evaluate
2014-12-03 18:33:05,456 - Loaded System Directive: org.apache.velocity.runtime.directive.Literal
2014-12-03 18:33:05,458 - Loaded System Directive: org.apache.velocity.runtime.directive.Macro
2014-12-03 18:33:05,460 - Loaded System Directive: org.apache.velocity.runtime.directive.Parse
2014-12-03 18:33:05,461 - Loaded System Directive: org.apache.velocity.runtime.directive.Include
2014-12-03 18:33:05,463 - Loaded System Directive: org.apache.velocity.runtime.directive.Foreach
2014-12-03 18:33:05,498 - Created '20' parsers.
2014-12-03 18:33:05,503 - Velocimacro : "velocimacro.library" is not set.  Trying default library: VM_global_library.vm
2014-12-03 18:33:05,504 - Could not load resource 'VM_global_library.vm' from ResourceLoader org.apache.velocity.runtime.resource.loader.ClasspathResourceLoader: 
org.apache.velocity.exception.ResourceNotFoundException: ClasspathResourceLoader Error: cannot find resource VM_global_library.vm
	at org.apache.velocity.runtime.resource.loader.ClasspathResourceLoader.getResourceStream(ClasspathResourceLoader.java:131)
	at org.apache.velocity.runtime.resource.loader.ResourceLoader.resourceExists(ResourceLoader.java:224)
	at org.apache.velocity.runtime.resource.ResourceManagerImpl.getLoaderForResource(ResourceManagerImpl.java:641)
	at org.apache.velocity.runtime.resource.ResourceManagerImpl.getLoaderNameForResource(ResourceManagerImpl.java:624)
	at org.apache.velocity.runtime.RuntimeInstance.getLoaderNameForResource(RuntimeInstance.java:1464)
	at org.apache.velocity.runtime.VelocimacroFactory.initVelocimacro(VelocimacroFactory.java:159)
	at org.apache.velocity.runtime.RuntimeInstance.init(RuntimeInstance.java:261)
	at org.apache.velocity.runtime.RuntimeInstance.init(RuntimeInstance.java:589)
	at org.apache.velocity.app.VelocityEngine.init(VelocityEngine.java:135)
	at com.sogou.upd.passport.common.utils.MailUtils.getMailBody(MailUtils.java:95)
	at com.sogou.upd.passport.common.utils.MailUtils.sendEmail(MailUtils.java:62)
	at com.sogou.upd.passport.admin.manager.problem.impl.ProblemAnswerManagerImpl.addProblemAnswer(ProblemAnswerManagerImpl.java:53)
	at com.sogou.upd.passport.admin.manager.problem.ProblemAnswerManagerTest.testAccountLogin(ProblemAnswerManagerTest.java:41)
	at sun.reflect.NativeMethodAccessorImpl.invoke0(Native Method)
	at sun.reflect.NativeMethodAccessorImpl.invoke(NativeMethodAccessorImpl.java:57)
	at sun.reflect.DelegatingMethodAccessorImpl.invoke(DelegatingMethodAccessorImpl.java:43)
	at java.lang.reflect.Method.invoke(Method.java:601)
	at org.junit.runners.model.FrameworkMethod$1.runReflectiveCall(FrameworkMethod.java:44)
	at org.junit.internal.runners.model.ReflectiveCallable.run(ReflectiveCallable.java:15)
	at org.junit.runners.model.FrameworkMethod.invokeExplosively(FrameworkMethod.java:41)
	at org.junit.internal.runners.statements.InvokeMethod.evaluate(InvokeMethod.java:20)
	at org.springframework.test.context.junit4.statements.RunBeforeTestMethodCallbacks.evaluate(RunBeforeTestMethodCallbacks.java:74)
	at org.springframework.test.context.junit4.statements.RunAfterTestMethodCallbacks.evaluate(RunAfterTestMethodCallbacks.java:83)
	at org.springframework.test.context.junit4.statements.SpringRepeat.evaluate(SpringRepeat.java:72)
	at org.springframework.test.context.junit4.SpringJUnit4ClassRunner.runChild(SpringJUnit4ClassRunner.java:231)
	at org.junit.runners.BlockJUnit4ClassRunner.runChild(BlockJUnit4ClassRunner.java:49)
	at org.junit.runners.ParentRunner$3.run(ParentRunner.java:193)
	at org.junit.runners.ParentRunner$1.schedule(ParentRunner.java:52)
	at org.junit.runners.ParentRunner.runChildren(ParentRunner.java:191)
	at org.junit.runners.ParentRunner.access$000(ParentRunner.java:42)
	at org.junit.runners.ParentRunner$2.evaluate(ParentRunner.java:184)
	at org.springframework.test.context.junit4.statements.RunBeforeTestClassCallbacks.evaluate(RunBeforeTestClassCallbacks.java:61)
	at org.springframework.test.context.junit4.statements.RunAfterTestClassCallbacks.evaluate(RunAfterTestClassCallbacks.java:71)
	at org.junit.runners.ParentRunner.run(ParentRunner.java:236)
	at org.springframework.test.context.junit4.SpringJUnit4ClassRunner.run(SpringJUnit4ClassRunner.java:174)
	at org.apache.maven.surefire.junit4.JUnit4TestSet.execute(JUnit4TestSet.java:35)
	at org.apache.maven.surefire.junit4.JUnit4Provider.executeTestSet(JUnit4Provider.java:146)
	at org.apache.maven.surefire.junit4.JUnit4Provider.invoke(JUnit4Provider.java:97)
	at sun.reflect.NativeMethodAccessorImpl.invoke0(Native Method)
	at sun.reflect.NativeMethodAccessorImpl.invoke(NativeMethodAccessorImpl.java:57)
	at sun.reflect.DelegatingMethodAccessorImpl.invoke(DelegatingMethodAccessorImpl.java:43)
	at java.lang.reflect.Method.invoke(Method.java:601)
	at org.apache.maven.surefire.booter.ProviderFactory$ClassLoaderProxy.invoke(ProviderFactory.java:103)
	at com.sun.proxy.$Proxy0.invoke(Unknown Source)
	at org.apache.maven.surefire.booter.SurefireStarter.invokeProvider(SurefireStarter.java:145)
	at org.apache.maven.surefire.booter.SurefireStarter.runSuitesInProcess(SurefireStarter.java:87)
	at org.apache.maven.surefire.booter.ForkedBooter.main(ForkedBooter.java:69)
2014-12-03 18:33:05,505 - Velocimacro : Default library not found.
2014-12-03 18:33:05,505 - Velocimacro : allowInline = true : VMs can be defined inline in templates
2014-12-03 18:33:05,505 - Velocimacro : allowInlineToOverride = false : VMs defined inline may NOT replace previous VM definitions
2014-12-03 18:33:05,505 - Velocimacro : allowInlineLocal = false : VMs defined inline will be global in scope if allowed.
2014-12-03 18:33:05,505 - Velocimacro : autoload off : VM system will not automatically reload global library macros
2014-12-03 18:33:05,506 - ResourceManager : unable to find resource 'problemAnswerEmail.vm' in any resource loader.
